<?xml version="1.0" encoding="UTF-8"?>
<testsuites name="jest tests" tests="2" failures="0" time="1.191">
  <testsuite name="List tests" errors="0" failures="0" skipped="0" timestamp="2023-03-19T22:23:45" time="0.938" tests="2">
    <testcase classname="List tests" name="Dodano poprawnie komponent listy ul" time="0.003">
    </testcase>
    <testcase classname="List tests" name="Dodano poprawną ilość li wewnątrz ul" time="0">
    </testcase>
  </testsuite>
</testsuites>